  stdafx.cpp
  ConcurrentServer.cpp
C:\5sem\PSPLab8LastDay\lab8\ConcurrentServer\ConcurrentServer\ConcurrentServer.cpp(68,9): warning C4996: 'strcpy': This function or variable may be unsafe. Consider using strcpy_s instead. To disable deprecation, use _CRT_SECURE_NO_WARNINGS. See online help for details.
C:\5sem\PSPLab8LastDay\lab8\ConcurrentServer\ConcurrentServer\ConcurrentServer.cpp(76,9): warning C4996: 'strcpy': This function or variable may be unsafe. Consider using strcpy_s instead. To disable deprecation, use _CRT_SECURE_NO_WARNINGS. See online help for details.
C:\5sem\PSPLab8LastDay\lab8\ConcurrentServer\ConcurrentServer\ConcurrentServer.cpp(163,20): warning C4477: "printf": в строке форматирования "%d" требуется аргумент типа "int", но вариативный аргумент "1" имеет тип "unsigned __int64"
C:\5sem\PSPLab8LastDay\lab8\ConcurrentServer\ConcurrentServer\ConcurrentServer.cpp(173,20): warning C4477: "printf": в строке форматирования "%d" требуется аргумент типа "int", но вариативный аргумент "1" имеет тип "unsigned __int64"
C:\5sem\PSPLab8LastDay\lab8\ConcurrentServer\ConcurrentServer\ConcurrentServer.cpp(279,46): warning C4477: "sprintf": в строке форматирования "%d" требуется аргумент типа "int", но вариативный аргумент "4" имеет тип "unsigned __int64"
C:\5sem\PSPLab8LastDay\lab8\ConcurrentServer\ConcurrentServer\ConcurrentServer.cpp(283,57): warning C4267: аргумент: преобразование из "size_t" в "DWORD"; возможна потеря данных
C:\5sem\PSPLab8LastDay\lab8\ConcurrentServer\ConcurrentServer\ConcurrentServer.cpp(240,9): warning C4996: 'sprintf': This function or variable may be unsafe. Consider using sprintf_s instead. To disable deprecation, use _CRT_SECURE_NO_WARNINGS. See online help for details.
C:\5sem\PSPLab8LastDay\lab8\ConcurrentServer\ConcurrentServer\ConcurrentServer.cpp(279,21): warning C4996: 'sprintf': This function or variable may be unsafe. Consider using sprintf_s instead. To disable deprecation, use _CRT_SECURE_NO_WARNINGS. See online help for details.
C:\5sem\PSPLab8LastDay\lab8\ConcurrentServer\ConcurrentServer\ConcurrentServer.cpp(320,45): warning C4267: =: преобразование из "size_t" в "int"; возможна потеря данных
C:\5sem\PSPLab8LastDay\lab8\ConcurrentServer\ConcurrentServer\ConcurrentServer.cpp(336,51): warning C4267: аргумент: преобразование из "size_t" в "int"; возможна потеря данных
C:\5sem\PSPLab8LastDay\lab8\ConcurrentServer\ConcurrentServer\ConcurrentServer.cpp(364,82): warning C4267: аргумент: преобразование из "size_t" в "int"; возможна потеря данных
C:\5sem\PSPLab8LastDay\lab8\ConcurrentServer\ConcurrentServer\ConcurrentServer.cpp(376,84): warning C4267: аргумент: преобразование из "size_t" в "int"; возможна потеря данных
C:\5sem\PSPLab8LastDay\lab8\ConcurrentServer\ConcurrentServer\ConcurrentServer.cpp(362,25): warning C4996: 'strcpy': This function or variable may be unsafe. Consider using strcpy_s instead. To disable deprecation, use _CRT_SECURE_NO_WARNINGS. See online help for details.
C:\5sem\PSPLab8LastDay\lab8\ConcurrentServer\ConcurrentServer\ConcurrentServer.cpp(470,128): warning C4996: 'inet_ntoa': Use inet_ntop() or InetNtop() instead or define _WINSOCK_DEPRECATED_NO_WARNINGS to disable deprecated API warnings
C:\5sem\PSPLab8LastDay\lab8\ConcurrentServer\ConcurrentServer\ConcurrentServer.cpp(500,28): warning C4477: "printf": в строке форматирования "%d" требуется аргумент типа "int", но вариативный аргумент "1" имеет тип "SOCKET"
C:\5sem\PSPLab8LastDay\lab8\ConcurrentServer\ConcurrentServer\ConcurrentServer.cpp(511,32): warning C4477: "printf": в строке форматирования "%d" требуется аргумент типа "int", но вариативный аргумент "2" имеет тип "SOCKET"
C:\5sem\PSPLab8LastDay\lab8\ConcurrentServer\ConcurrentServer\ConcurrentServer.cpp(514,36): warning C4477: "printf": в строке форматирования "%d" требуется аргумент типа "int", но вариативный аргумент "1" имеет тип "SOCKET"
C:\5sem\PSPLab8LastDay\lab8\ConcurrentServer\ConcurrentServer\ConcurrentServer.cpp(537,9): warning C4996: 'strcpy': This function or variable may be unsafe. Consider using strcpy_s instead. To disable deprecation, use _CRT_SECURE_NO_WARNINGS. See online help for details.
C:\5sem\PSPLab8LastDay\lab8\ConcurrentServer\ConcurrentServer\ConcurrentServer.cpp(541,9): warning C4996: 'strcpy': This function or variable may be unsafe. Consider using strcpy_s instead. To disable deprecation, use _CRT_SECURE_NO_WARNINGS. See online help for details.
C:\5sem\PSPLab8LastDay\lab8\ConcurrentServer\ConcurrentServer\ConcurrentServer.cpp(542,9): warning C4996: 'strcpy': This function or variable may be unsafe. Consider using strcpy_s instead. To disable deprecation, use _CRT_SECURE_NO_WARNINGS. See online help for details.
C:\5sem\PSPLab8LastDay\lab8\ConcurrentServer\ConcurrentServer\ConcurrentServer.cpp(546,9): warning C4996: 'strcpy': This function or variable may be unsafe. Consider using strcpy_s instead. To disable deprecation, use _CRT_SECURE_NO_WARNINGS. See online help for details.
C:\5sem\PSPLab8LastDay\lab8\ConcurrentServer\ConcurrentServer\ConcurrentServer.cpp(547,9): warning C4996: 'strcpy': This function or variable may be unsafe. Consider using strcpy_s instead. To disable deprecation, use _CRT_SECURE_NO_WARNINGS. See online help for details.
  ErrorFunctions.cpp
  Создание кода...
C:\5sem\PSPLab8LastDay\lab8\ConcurrentServer\ConcurrentServer\ConcurrentServer.cpp(223,1): warning C4715: set_param: значение возвращается не при всех путях выполнения
  ConcurrentServer.vcxproj -> C:\5sem\PSPLab8LastDay\lab8\ConcurrentServer\x64\Debug\ConcurrentServer.exe
